<?xml version="1.0" encoding="UTF-8"?>
<testsuite xmlns:xsi="http://www.w3.org/2001/XMLSchema-instance" xsi:noNamespaceSchemaLocation="https://maven.apache.org/surefire/maven-surefire-plugin/xsd/surefire-test-report.xsd" name="TestSuite" time="98.195" tests="1" errors="0" skipped="0" failures="0">
  <properties>
    <property name="sun.desktop" value="windows"/>
    <property name="awt.toolkit" value="sun.awt.windows.WToolkit"/>
    <property name="file.encoding.pkg" value="sun.io"/>
    <property name="java.specification.version" value="1.8"/>
    <property name="sun.cpu.isalist" value="amd64"/>
    <property name="sun.jnu.encoding" value="Cp1252"/>
    <property name="java.class.path" value="D:\GithubProjects\KiplePayAndroid\target\test-classes;D:\GithubProjects\KiplePayAndroid\target\classes;C:\Users\Nirbhay\.m2\repository\org\testng\testng\6.11\testng-6.11.jar;C:\Users\Nirbhay\.m2\repository\com\beust\jcommander\1.64\jcommander-1.64.jar;C:\Users\Nirbhay\.m2\repository\org\yaml\snakeyaml\1.17\snakeyaml-1.17.jar;C:\Users\Nirbhay\.m2\repository\net\sourceforge\tess4j\tess4j\4.4.0\tess4j-4.4.0.jar;C:\Users\Nirbhay\.m2\repository\net\java\dev\jna\jna\5.3.1\jna-5.3.1.jar;C:\Users\Nirbhay\.m2\repository\com\github\jai-imageio\jai-imageio-core\1.4.0\jai-imageio-core-1.4.0.jar;C:\Users\Nirbhay\.m2\repository\org\ghost4j\ghost4j\1.0.1\ghost4j-1.0.1.jar;C:\Users\Nirbhay\.m2\repository\commons-beanutils\commons-beanutils\1.9.2\commons-beanutils-1.9.2.jar;C:\Users\Nirbhay\.m2\repository\org\apache\xmlgraphics\xmlgraphics-commons\1.4\xmlgraphics-commons-1.4.jar;C:\Users\Nirbhay\.m2\repository\com\lowagie\itext\2.1.7\itext-2.1.7.jar;C:\Users\Nirbhay\.m2\repository\org\apache\pdfbox\pdfbox\2.0.16\pdfbox-2.0.16.jar;C:\Users\Nirbhay\.m2\repository\org\apache\pdfbox\fontbox\2.0.16\fontbox-2.0.16.jar;C:\Users\Nirbhay\.m2\repository\org\apache\pdfbox\pdfbox-tools\2.0.16\pdfbox-tools-2.0.16.jar;C:\Users\Nirbhay\.m2\repository\org\apache\pdfbox\pdfbox-debugger\2.0.16\pdfbox-debugger-2.0.16.jar;C:\Users\Nirbhay\.m2\repository\org\apache\pdfbox\jbig2-imageio\3.0.2\jbig2-imageio-3.0.2.jar;C:\Users\Nirbhay\.m2\repository\commons-io\commons-io\2.6\commons-io-2.6.jar;C:\Users\Nirbhay\.m2\repository\net\sourceforge\lept4j\lept4j\1.12.2\lept4j-1.12.2.jar;C:\Users\Nirbhay\.m2\repository\org\jboss\jboss-vfs\3.2.14.Final\jboss-vfs-3.2.14.Final.jar;C:\Users\Nirbhay\.m2\repository\org\jboss\logging\jboss-logging\3.1.4.GA\jboss-logging-3.1.4.GA.jar;C:\Users\Nirbhay\.m2\repository\ch\qos\logback\logback-classic\1.2.3\logback-classic-1.2.3.jar;C:\Users\Nirbhay\.m2\repository\ch\qos\logback\logback-core\1.2.3\logback-core-1.2.3.jar;C:\Users\Nirbhay\.m2\repository\org\slf4j\slf4j-api\1.7.25\slf4j-api-1.7.25.jar;C:\Users\Nirbhay\.m2\repository\org\slf4j\jul-to-slf4j\1.7.26\jul-to-slf4j-1.7.26.jar;C:\Users\Nirbhay\.m2\repository\org\slf4j\jcl-over-slf4j\1.7.26\jcl-over-slf4j-1.7.26.jar;C:\Users\Nirbhay\.m2\repository\org\slf4j\log4j-over-slf4j\1.7.26\log4j-over-slf4j-1.7.26.jar;C:\Users\Nirbhay\.m2\repository\org\apache\commons\commons-lang3\3.7\commons-lang3-3.7.jar;C:\Users\Nirbhay\.m2\repository\com\google\guava\guava\23.0\guava-23.0.jar;C:\Users\Nirbhay\.m2\repository\com\google\code\findbugs\jsr305\1.3.9\jsr305-1.3.9.jar;C:\Users\Nirbhay\.m2\repository\com\google\errorprone\error_prone_annotations\2.0.18\error_prone_annotations-2.0.18.jar;C:\Users\Nirbhay\.m2\repository\com\google\j2objc\j2objc-annotations\1.1\j2objc-annotations-1.1.jar;C:\Users\Nirbhay\.m2\repository\org\codehaus\mojo\animal-sniffer-annotations\1.14\animal-sniffer-annotations-1.14.jar;C:\Users\Nirbhay\.m2\repository\io\appium\java-client\6.1.0\java-client-6.1.0.jar;C:\Users\Nirbhay\.m2\repository\org\seleniumhq\selenium\selenium-support\3.12.0\selenium-support-3.12.0.jar;C:\Users\Nirbhay\.m2\repository\org\seleniumhq\selenium\selenium-api\3.12.0\selenium-api-3.12.0.jar;C:\Users\Nirbhay\.m2\repository\com\google\code\gson\gson\2.8.4\gson-2.8.4.jar;C:\Users\Nirbhay\.m2\repository\org\apache\httpcomponents\httpclient\4.5.5\httpclient-4.5.5.jar;C:\Users\Nirbhay\.m2\repository\cglib\cglib\3.2.6\cglib-3.2.6.jar;C:\Users\Nirbhay\.m2\repository\org\ow2\asm\asm\6.0\asm-6.0.jar;C:\Users\Nirbhay\.m2\repository\org\apache\ant\ant\1.9.6\ant-1.9.6.jar;C:\Users\Nirbhay\.m2\repository\org\apache\ant\ant-launcher\1.9.6\ant-launcher-1.9.6.jar;C:\Users\Nirbhay\.m2\repository\commons-validator\commons-validator\1.6\commons-validator-1.6.jar;C:\Users\Nirbhay\.m2\repository\commons-digester\commons-digester\1.8.1\commons-digester-1.8.1.jar;C:\Users\Nirbhay\.m2\repository\org\springframework\spring-context\5.0.5.RELEASE\spring-context-5.0.5.RELEASE.jar;C:\Users\Nirbhay\.m2\repository\org\springframework\spring-aop\5.0.5.RELEASE\spring-aop-5.0.5.RELEASE.jar;C:\Users\Nirbhay\.m2\repository\org\springframework\spring-beans\5.0.5.RELEASE\spring-beans-5.0.5.RELEASE.jar;C:\Users\Nirbhay\.m2\repository\org\springframework\spring-core\5.0.5.RELEASE\spring-core-5.0.5.RELEASE.jar;C:\Users\Nirbhay\.m2\repository\org\springframework\spring-jcl\5.0.5.RELEASE\spring-jcl-5.0.5.RELEASE.jar;C:\Users\Nirbhay\.m2\repository\org\springframework\spring-expression\5.0.5.RELEASE\spring-expression-5.0.5.RELEASE.jar;C:\Users\Nirbhay\.m2\repository\org\aspectj\aspectjweaver\1.9.1\aspectjweaver-1.9.1.jar;C:\Users\Nirbhay\.m2\repository\org\openpnp\opencv\3.2.0-1\opencv-3.2.0-1.jar;C:\Users\Nirbhay\.m2\repository\org\seleniumhq\selenium\selenium-java\3.13.0\selenium-java-3.13.0.jar;C:\Users\Nirbhay\.m2\repository\org\seleniumhq\selenium\selenium-chrome-driver\3.13.0\selenium-chrome-driver-3.13.0.jar;C:\Users\Nirbhay\.m2\repository\org\seleniumhq\selenium\selenium-edge-driver\3.13.0\selenium-edge-driver-3.13.0.jar;C:\Users\Nirbhay\.m2\repository\org\seleniumhq\selenium\selenium-firefox-driver\3.13.0\selenium-firefox-driver-3.13.0.jar;C:\Users\Nirbhay\.m2\repository\org\seleniumhq\selenium\selenium-ie-driver\3.13.0\selenium-ie-driver-3.13.0.jar;C:\Users\Nirbhay\.m2\repository\org\seleniumhq\selenium\selenium-opera-driver\3.13.0\selenium-opera-driver-3.13.0.jar;C:\Users\Nirbhay\.m2\repository\org\seleniumhq\selenium\selenium-remote-driver\3.13.0\selenium-remote-driver-3.13.0.jar;C:\Users\Nirbhay\.m2\repository\org\seleniumhq\selenium\selenium-safari-driver\3.13.0\selenium-safari-driver-3.13.0.jar;C:\Users\Nirbhay\.m2\repository\net\bytebuddy\byte-buddy\1.8.3\byte-buddy-1.8.3.jar;C:\Users\Nirbhay\.m2\repository\org\apache\commons\commons-exec\1.3\commons-exec-1.3.jar;C:\Users\Nirbhay\.m2\repository\commons-codec\commons-codec\1.10\commons-codec-1.10.jar;C:\Users\Nirbhay\.m2\repository\commons-logging\commons-logging\1.2\commons-logging-1.2.jar;C:\Users\Nirbhay\.m2\repository\org\apache\httpcomponents\httpcore\4.4.9\httpcore-4.4.9.jar;C:\Users\Nirbhay\.m2\repository\com\squareup\okhttp3\okhttp\3.10.0\okhttp-3.10.0.jar;C:\Users\Nirbhay\.m2\repository\com\squareup\okio\okio\1.14.1\okio-1.14.1.jar;C:\Users\Nirbhay\.m2\repository\com\relevantcodes\extentreports\2.41.2\extentreports-2.41.2.jar;C:\Users\Nirbhay\.m2\repository\org\jsoup\jsoup\1.8.3\jsoup-1.8.3.jar;C:\Users\Nirbhay\.m2\repository\org\xerial\sqlite-jdbc\3.8.11.1\sqlite-jdbc-3.8.11.1.jar;C:\Users\Nirbhay\.m2\repository\org\freemarker\freemarker\2.3.23\freemarker-2.3.23.jar;C:\Users\Nirbhay\.m2\repository\org\mongodb\mongodb-driver\3.0.4\mongodb-driver-3.0.4.jar;C:\Users\Nirbhay\.m2\repository\org\mongodb\bson\3.0.4\bson-3.0.4.jar;C:\Users\Nirbhay\.m2\repository\org\mongodb\mongodb-driver-core\3.0.4\mongodb-driver-core-3.0.4.jar;C:\Users\Nirbhay\.m2\repository\org\uncommons\reportng\1.1.4\reportng-1.1.4.jar;C:\Users\Nirbhay\.m2\repository\velocity\velocity\1.4\velocity-1.4.jar;C:\Users\Nirbhay\.m2\repository\velocity\velocity-dep\1.4\velocity-dep-1.4.jar;C:\Users\Nirbhay\.m2\repository\org\apache\velocity\velocity\1.7\velocity-1.7.jar;C:\Users\Nirbhay\.m2\repository\commons-collections\commons-collections\3.2.1\commons-collections-3.2.1.jar;C:\Users\Nirbhay\.m2\repository\commons-lang\commons-lang\2.4\commons-lang-2.4.jar;C:\Users\Nirbhay\.m2\repository\com\google\inject\guice\4.0\guice-4.0.jar;C:\Users\Nirbhay\.m2\repository\javax\inject\javax.inject\1\javax.inject-1.jar;C:\Users\Nirbhay\.m2\repository\aopalliance\aopalliance\1.0\aopalliance-1.0.jar;C:\Users\Nirbhay\.m2\repository\xml-apis\xml-apis\1.4.01\xml-apis-1.4.01.jar;C:\Users\Nirbhay\.m2\repository\org\apache\poi\poi-ooxml\3.9\poi-ooxml-3.9.jar;C:\Users\Nirbhay\.m2\repository\dom4j\dom4j\1.6.1\dom4j-1.6.1.jar;C:\Users\Nirbhay\.m2\repository\org\apache\poi\ooxml-schemas\1.1\ooxml-schemas-1.1.jar;C:\Users\Nirbhay\.m2\repository\org\apache\xmlbeans\xmlbeans\2.3.0\xmlbeans-2.3.0.jar;C:\Users\Nirbhay\.m2\repository\stax\stax-api\1.0.1\stax-api-1.0.1.jar;C:\Users\Nirbhay\.m2\repository\org\apache\poi\poi-ooxml-schemas\3.9\poi-ooxml-schemas-3.9.jar;C:\Users\Nirbhay\.m2\repository\org\apache\poi\poi-scratchpad\3.9\poi-scratchpad-3.9.jar;C:\Users\Nirbhay\.m2\repository\org\apache\poi\openxml4j\1.0-beta\openxml4j-1.0-beta.jar;C:\Users\Nirbhay\.m2\repository\log4j\log4j\1.2.8\log4j-1.2.8.jar;C:\Users\Nirbhay\.m2\repository\org\apache\poi\poi\3.9\poi-3.9.jar;C:\Users\Nirbhay\.m2\repository\org\apache\maven\surefire\surefire-testng-utils\2.20.1\surefire-testng-utils-2.20.1.jar;C:\Users\Nirbhay\.m2\repository\org\apache\maven\surefire\surefire-grouper\2.20.1\surefire-grouper-2.20.1.jar;"/>
    <property name="java.vm.vendor" value="Oracle Corporation"/>
    <property name="sun.arch.data.model" value="64"/>
    <property name="user.variant" value=""/>
    <property name="java.vendor.url" value="http://java.oracle.com/"/>
    <property name="user.timezone" value=""/>
    <property name="java.vm.specification.version" value="1.8"/>
    <property name="os.name" value="Windows 10"/>
    <property name="user.country" value="US"/>
    <property name="sun.java.launcher" value="SUN_STANDARD"/>
    <property name="sun.boot.library.path" value="C:\Program Files\Java\jdk1.8.0_231\jre\bin"/>
    <property name="sun.java.command" value="C:\Users\Nirbhay\AppData\Local\Temp\surefire6988162825156676686\surefirebooter3764794169457711400.jar C:\Users\Nirbhay\AppData\Local\Temp\surefire6988162825156676686 2019-11-09T05-23-18_208-jvmRun1 surefire1257259909459530170tmp surefire_07298715247463396722tmp"/>
    <property name="surefire.test.class.path" value="D:\GithubProjects\KiplePayAndroid\target\test-classes;D:\GithubProjects\KiplePayAndroid\target\classes;C:\Users\Nirbhay\.m2\repository\org\testng\testng\6.11\testng-6.11.jar;C:\Users\Nirbhay\.m2\repository\com\beust\jcommander\1.64\jcommander-1.64.jar;C:\Users\Nirbhay\.m2\repository\org\yaml\snakeyaml\1.17\snakeyaml-1.17.jar;C:\Users\Nirbhay\.m2\repository\net\sourceforge\tess4j\tess4j\4.4.0\tess4j-4.4.0.jar;C:\Users\Nirbhay\.m2\repository\net\java\dev\jna\jna\5.3.1\jna-5.3.1.jar;C:\Users\Nirbhay\.m2\repository\com\github\jai-imageio\jai-imageio-core\1.4.0\jai-imageio-core-1.4.0.jar;C:\Users\Nirbhay\.m2\repository\org\ghost4j\ghost4j\1.0.1\ghost4j-1.0.1.jar;C:\Users\Nirbhay\.m2\repository\commons-beanutils\commons-beanutils\1.9.2\commons-beanutils-1.9.2.jar;C:\Users\Nirbhay\.m2\repository\org\apache\xmlgraphics\xmlgraphics-commons\1.4\xmlgraphics-commons-1.4.jar;C:\Users\Nirbhay\.m2\repository\com\lowagie\itext\2.1.7\itext-2.1.7.jar;C:\Users\Nirbhay\.m2\repository\org\apache\pdfbox\pdfbox\2.0.16\pdfbox-2.0.16.jar;C:\Users\Nirbhay\.m2\repository\org\apache\pdfbox\fontbox\2.0.16\fontbox-2.0.16.jar;C:\Users\Nirbhay\.m2\repository\org\apache\pdfbox\pdfbox-tools\2.0.16\pdfbox-tools-2.0.16.jar;C:\Users\Nirbhay\.m2\repository\org\apache\pdfbox\pdfbox-debugger\2.0.16\pdfbox-debugger-2.0.16.jar;C:\Users\Nirbhay\.m2\repository\org\apache\pdfbox\jbig2-imageio\3.0.2\jbig2-imageio-3.0.2.jar;C:\Users\Nirbhay\.m2\repository\commons-io\commons-io\2.6\commons-io-2.6.jar;C:\Users\Nirbhay\.m2\repository\net\sourceforge\lept4j\lept4j\1.12.2\lept4j-1.12.2.jar;C:\Users\Nirbhay\.m2\repository\org\jboss\jboss-vfs\3.2.14.Final\jboss-vfs-3.2.14.Final.jar;C:\Users\Nirbhay\.m2\repository\org\jboss\logging\jboss-logging\3.1.4.GA\jboss-logging-3.1.4.GA.jar;C:\Users\Nirbhay\.m2\repository\ch\qos\logback\logback-classic\1.2.3\logback-classic-1.2.3.jar;C:\Users\Nirbhay\.m2\repository\ch\qos\logback\logback-core\1.2.3\logback-core-1.2.3.jar;C:\Users\Nirbhay\.m2\repository\org\slf4j\slf4j-api\1.7.25\slf4j-api-1.7.25.jar;C:\Users\Nirbhay\.m2\repository\org\slf4j\jul-to-slf4j\1.7.26\jul-to-slf4j-1.7.26.jar;C:\Users\Nirbhay\.m2\repository\org\slf4j\jcl-over-slf4j\1.7.26\jcl-over-slf4j-1.7.26.jar;C:\Users\Nirbhay\.m2\repository\org\slf4j\log4j-over-slf4j\1.7.26\log4j-over-slf4j-1.7.26.jar;C:\Users\Nirbhay\.m2\repository\org\apache\commons\commons-lang3\3.7\commons-lang3-3.7.jar;C:\Users\Nirbhay\.m2\repository\com\google\guava\guava\23.0\guava-23.0.jar;C:\Users\Nirbhay\.m2\repository\com\google\code\findbugs\jsr305\1.3.9\jsr305-1.3.9.jar;C:\Users\Nirbhay\.m2\repository\com\google\errorprone\error_prone_annotations\2.0.18\error_prone_annotations-2.0.18.jar;C:\Users\Nirbhay\.m2\repository\com\google\j2objc\j2objc-annotations\1.1\j2objc-annotations-1.1.jar;C:\Users\Nirbhay\.m2\repository\org\codehaus\mojo\animal-sniffer-annotations\1.14\animal-sniffer-annotations-1.14.jar;C:\Users\Nirbhay\.m2\repository\io\appium\java-client\6.1.0\java-client-6.1.0.jar;C:\Users\Nirbhay\.m2\repository\org\seleniumhq\selenium\selenium-support\3.12.0\selenium-support-3.12.0.jar;C:\Users\Nirbhay\.m2\repository\org\seleniumhq\selenium\selenium-api\3.12.0\selenium-api-3.12.0.jar;C:\Users\Nirbhay\.m2\repository\com\google\code\gson\gson\2.8.4\gson-2.8.4.jar;C:\Users\Nirbhay\.m2\repository\org\apache\httpcomponents\httpclient\4.5.5\httpclient-4.5.5.jar;C:\Users\Nirbhay\.m2\repository\cglib\cglib\3.2.6\cglib-3.2.6.jar;C:\Users\Nirbhay\.m2\repository\org\ow2\asm\asm\6.0\asm-6.0.jar;C:\Users\Nirbhay\.m2\repository\org\apache\ant\ant\1.9.6\ant-1.9.6.jar;C:\Users\Nirbhay\.m2\repository\org\apache\ant\ant-launcher\1.9.6\ant-launcher-1.9.6.jar;C:\Users\Nirbhay\.m2\repository\commons-validator\commons-validator\1.6\commons-validator-1.6.jar;C:\Users\Nirbhay\.m2\repository\commons-digester\commons-digester\1.8.1\commons-digester-1.8.1.jar;C:\Users\Nirbhay\.m2\repository\org\springframework\spring-context\5.0.5.RELEASE\spring-context-5.0.5.RELEASE.jar;C:\Users\Nirbhay\.m2\repository\org\springframework\spring-aop\5.0.5.RELEASE\spring-aop-5.0.5.RELEASE.jar;C:\Users\Nirbhay\.m2\repository\org\springframework\spring-beans\5.0.5.RELEASE\spring-beans-5.0.5.RELEASE.jar;C:\Users\Nirbhay\.m2\repository\org\springframework\spring-core\5.0.5.RELEASE\spring-core-5.0.5.RELEASE.jar;C:\Users\Nirbhay\.m2\repository\org\springframework\spring-jcl\5.0.5.RELEASE\spring-jcl-5.0.5.RELEASE.jar;C:\Users\Nirbhay\.m2\repository\org\springframework\spring-expression\5.0.5.RELEASE\spring-expression-5.0.5.RELEASE.jar;C:\Users\Nirbhay\.m2\repository\org\aspectj\aspectjweaver\1.9.1\aspectjweaver-1.9.1.jar;C:\Users\Nirbhay\.m2\repository\org\openpnp\opencv\3.2.0-1\opencv-3.2.0-1.jar;C:\Users\Nirbhay\.m2\repository\org\seleniumhq\selenium\selenium-java\3.13.0\selenium-java-3.13.0.jar;C:\Users\Nirbhay\.m2\repository\org\seleniumhq\selenium\selenium-chrome-driver\3.13.0\selenium-chrome-driver-3.13.0.jar;C:\Users\Nirbhay\.m2\repository\org\seleniumhq\selenium\selenium-edge-driver\3.13.0\selenium-edge-driver-3.13.0.jar;C:\Users\Nirbhay\.m2\repository\org\seleniumhq\selenium\selenium-firefox-driver\3.13.0\selenium-firefox-driver-3.13.0.jar;C:\Users\Nirbhay\.m2\repository\org\seleniumhq\selenium\selenium-ie-driver\3.13.0\selenium-ie-driver-3.13.0.jar;C:\Users\Nirbhay\.m2\repository\org\seleniumhq\selenium\selenium-opera-driver\3.13.0\selenium-opera-driver-3.13.0.jar;C:\Users\Nirbhay\.m2\repository\org\seleniumhq\selenium\selenium-remote-driver\3.13.0\selenium-remote-driver-3.13.0.jar;C:\Users\Nirbhay\.m2\repository\org\seleniumhq\selenium\selenium-safari-driver\3.13.0\selenium-safari-driver-3.13.0.jar;C:\Users\Nirbhay\.m2\repository\net\bytebuddy\byte-buddy\1.8.3\byte-buddy-1.8.3.jar;C:\Users\Nirbhay\.m2\repository\org\apache\commons\commons-exec\1.3\commons-exec-1.3.jar;C:\Users\Nirbhay\.m2\repository\commons-codec\commons-codec\1.10\commons-codec-1.10.jar;C:\Users\Nirbhay\.m2\repository\commons-logging\commons-logging\1.2\commons-logging-1.2.jar;C:\Users\Nirbhay\.m2\repository\org\apache\httpcomponents\httpcore\4.4.9\httpcore-4.4.9.jar;C:\Users\Nirbhay\.m2\repository\com\squareup\okhttp3\okhttp\3.10.0\okhttp-3.10.0.jar;C:\Users\Nirbhay\.m2\repository\com\squareup\okio\okio\1.14.1\okio-1.14.1.jar;C:\Users\Nirbhay\.m2\repository\com\relevantcodes\extentreports\2.41.2\extentreports-2.41.2.jar;C:\Users\Nirbhay\.m2\repository\org\jsoup\jsoup\1.8.3\jsoup-1.8.3.jar;C:\Users\Nirbhay\.m2\repository\org\xerial\sqlite-jdbc\3.8.11.1\sqlite-jdbc-3.8.11.1.jar;C:\Users\Nirbhay\.m2\repository\org\freemarker\freemarker\2.3.23\freemarker-2.3.23.jar;C:\Users\Nirbhay\.m2\repository\org\mongodb\mongodb-driver\3.0.4\mongodb-driver-3.0.4.jar;C:\Users\Nirbhay\.m2\repository\org\mongodb\bson\3.0.4\bson-3.0.4.jar;C:\Users\Nirbhay\.m2\repository\org\mongodb\mongodb-driver-core\3.0.4\mongodb-driver-core-3.0.4.jar;C:\Users\Nirbhay\.m2\repository\org\uncommons\reportng\1.1.4\reportng-1.1.4.jar;C:\Users\Nirbhay\.m2\repository\velocity\velocity\1.4\velocity-1.4.jar;C:\Users\Nirbhay\.m2\repository\velocity\velocity-dep\1.4\velocity-dep-1.4.jar;C:\Users\Nirbhay\.m2\repository\org\apache\velocity\velocity\1.7\velocity-1.7.jar;C:\Users\Nirbhay\.m2\repository\commons-collections\commons-collections\3.2.1\commons-collections-3.2.1.jar;C:\Users\Nirbhay\.m2\repository\commons-lang\commons-lang\2.4\commons-lang-2.4.jar;C:\Users\Nirbhay\.m2\repository\com\google\inject\guice\4.0\guice-4.0.jar;C:\Users\Nirbhay\.m2\repository\javax\inject\javax.inject\1\javax.inject-1.jar;C:\Users\Nirbhay\.m2\repository\aopalliance\aopalliance\1.0\aopalliance-1.0.jar;C:\Users\Nirbhay\.m2\repository\xml-apis\xml-apis\1.4.01\xml-apis-1.4.01.jar;C:\Users\Nirbhay\.m2\repository\org\apache\poi\poi-ooxml\3.9\poi-ooxml-3.9.jar;C:\Users\Nirbhay\.m2\repository\dom4j\dom4j\1.6.1\dom4j-1.6.1.jar;C:\Users\Nirbhay\.m2\repository\org\apache\poi\ooxml-schemas\1.1\ooxml-schemas-1.1.jar;C:\Users\Nirbhay\.m2\repository\org\apache\xmlbeans\xmlbeans\2.3.0\xmlbeans-2.3.0.jar;C:\Users\Nirbhay\.m2\repository\stax\stax-api\1.0.1\stax-api-1.0.1.jar;C:\Users\Nirbhay\.m2\repository\org\apache\poi\poi-ooxml-schemas\3.9\poi-ooxml-schemas-3.9.jar;C:\Users\Nirbhay\.m2\repository\org\apache\poi\poi-scratchpad\3.9\poi-scratchpad-3.9.jar;C:\Users\Nirbhay\.m2\repository\org\apache\poi\openxml4j\1.0-beta\openxml4j-1.0-beta.jar;C:\Users\Nirbhay\.m2\repository\log4j\log4j\1.2.8\log4j-1.2.8.jar;C:\Users\Nirbhay\.m2\repository\org\apache\poi\poi\3.9\poi-3.9.jar;C:\Users\Nirbhay\.m2\repository\org\apache\maven\surefire\surefire-testng-utils\2.20.1\surefire-testng-utils-2.20.1.jar;C:\Users\Nirbhay\.m2\repository\org\apache\maven\surefire\surefire-grouper\2.20.1\surefire-grouper-2.20.1.jar;"/>
    <property name="sun.cpu.endian" value="little"/>
    <property name="user.home" value="C:\Users\Nirbhay"/>
    <property name="user.language" value="en"/>
    <property name="java.specification.vendor" value="Oracle Corporation"/>
    <property name="java.home" value="C:\Program Files\Java\jdk1.8.0_231\jre"/>
    <property name="basedir" value="D:\GithubProjects\KiplePayAndroid"/>
    <property name="file.separator" value="\"/>
    <property name="line.separator" value="&#10;"/>
    <property name="java.vm.specification.vendor" value="Oracle Corporation"/>
    <property name="java.specification.name" value="Java Platform API Specification"/>
    <property name="java.awt.graphicsenv" value="sun.awt.Win32GraphicsEnvironment"/>
    <property name="surefire.real.class.path" value="C:\Users\Nirbhay\AppData\Local\Temp\surefire6988162825156676686\surefirebooter3764794169457711400.jar"/>
    <property name="sun.boot.class.path" value="C:\Program Files\Java\jdk1.8.0_231\jre\lib\resources.jar;C:\Program Files\Java\jdk1.8.0_231\jre\lib\rt.jar;C:\Program Files\Java\jdk1.8.0_231\jre\lib\sunrsasign.jar;C:\Program Files\Java\jdk1.8.0_231\jre\lib\jsse.jar;C:\Program Files\Java\jdk1.8.0_231\jre\lib\jce.jar;C:\Program Files\Java\jdk1.8.0_231\jre\lib\charsets.jar;C:\Program Files\Java\jdk1.8.0_231\jre\lib\jfr.jar;C:\Program Files\Java\jdk1.8.0_231\jre\classes"/>
    <property name="user.script" value=""/>
    <property name="sun.management.compiler" value="HotSpot 64-Bit Tiered Compilers"/>
    <property name="java.runtime.version" value="1.8.0_231-b11"/>
    <property name="user.name" value="Nirbhay"/>
    <property name="path.separator" value=";"/>
    <property name="os.version" value="10.0"/>
    <property name="java.endorsed.dirs" value="C:\Program Files\Java\jdk1.8.0_231\jre\lib\endorsed"/>
    <property name="java.runtime.name" value="Java(TM) SE Runtime Environment"/>
    <property name="file.encoding" value="Cp1252"/>
    <property name="java.vm.name" value="Java HotSpot(TM) 64-Bit Server VM"/>
    <property name="localRepository" value="C:\Users\Nirbhay\.m2\repository"/>
    <property name="java.vendor.url.bug" value="http://bugreport.sun.com/bugreport/"/>
    <property name="java.io.tmpdir" value="C:\Users\Nirbhay\AppData\Local\Temp\"/>
    <property name="java.version" value="1.8.0_231"/>
    <property name="user.dir" value="D:\GithubProjects\KiplePayAndroid"/>
    <property name="os.arch" value="amd64"/>
    <property name="java.vm.specification.name" value="Java Virtual Machine Specification"/>
    <property name="java.awt.printerjob" value="sun.awt.windows.WPrinterJob"/>
    <property name="sun.os.patch.level" value=""/>
    <property name="java.library.path" value="C:\Program Files\Java\jdk1.8.0_231\jre\bin;C:\WINDOWS\Sun\Java\bin;C:\WINDOWS\system32;C:\WINDOWS;C:/Program Files/Java/jre1.8.0_231/bin/server;C:/Program Files/Java/jre1.8.0_231/bin;C:/Program Files/Java/jre1.8.0_231/lib/amd64;C:\Program Files (x86)\Common Files\Oracle\Java\javapath;C:\WINDOWS\system32;C:\WINDOWS;C:\WINDOWS\System32\Wbem;C:\WINDOWS\System32\WindowsPowerShell\v1.0\;C:\WINDOWS\System32\OpenSSH\;C:\Program Files (x86)\NVIDIA Corporation\PhysX\Common;C:\Program Files\nodejs\;C:\Program Files\Git\cmd;C:\Program Files\NVIDIA Corporation\NVIDIA NvDLISR;C:\WINDOWS\system32;C:\WINDOWS;C:\WINDOWS\System32\Wbem;C:\WINDOWS\System32\WindowsPowerShell\v1.0\;C:\WINDOWS\System32\OpenSSH\;C:\Program Files\apache-maven-3.6.2-bin\apache-maven-3.6.2\bin;C:\Program Files\Java\jdk1.8.0_231\bin;C:\Users\Nirbhay\Desktop\sdk-manager\platform-tools;C:\Users\Nirbhay\AppData\Local\Microsoft\WindowsApps;C:\Users\Nirbhay\AppData\Roaming\npm;C:\Users\Nirbhay\AppData\Local\Programs\Microsoft VS Code\bin;C:\Users\Nirbhay\AppData\Local\GitHubDesktop\bin;C:\Users\Nirbhay\Desktop;;."/>
    <property name="java.vm.info" value="mixed mode"/>
    <property name="java.vendor" value="Oracle Corporation"/>
    <property name="java.vm.version" value="25.231-b11"/>
    <property name="java.ext.dirs" value="C:\Program Files\Java\jdk1.8.0_231\jre\lib\ext;C:\WINDOWS\Sun\Java\lib\ext"/>
    <property name="sun.io.unicode.encoding" value="UnicodeLittle"/>
    <property name="java.class.version" value="52.0"/>
  </properties>
  <testcase name="userRegistrationTest" classname="QA.KiplePay.KiplePayTest" time="96.638"/>
</testsuite>