<?xml version="1.0" encoding="UTF-8"?>
<!-- Generated by org.testng.reporters.JUnitReportReporter -->
<testsuite skipped="0" hostname="CBJ-CCC2F-06" name="QA.KiplePay.KiplePayTest" tests="1" failures="0" timestamp="08 Nov 2019 09:45:42 GMT" time="103.647" errors="0">
  <testcase name="userRegistrationTest" time="103.647" classname="QA.KiplePay.KiplePayTest"/>
</testsuite> <!-- QA.KiplePay.KiplePayTest -->
