<?xml version="1.0" encoding="UTF-8"?>
<!-- Generated by org.testng.reporters.JUnitReportReporter -->
<testsuite skipped="0" hostname="Lenovo-PC" name="QA.KiplePay.KiplePayTest" tests="1" failures="0" timestamp="08 Nov 2019 21:24:57 GMT" time="96.654" errors="0">
  <testcase name="userRegistrationTest" time="96.654" classname="QA.KiplePay.KiplePayTest"/>
</testsuite> <!-- QA.KiplePay.KiplePayTest -->
