<?xml version="1.0" encoding="UTF-8"?>
<!-- Generated by org.testng.reporters.JUnitReportReporter -->
<testsuite skipped="0" hostname="CBJ-CCC2F-06" name="QA.KiplePay.KiplePayTest" tests="1" failures="0" timestamp="08 Nov 2019 10:06:24 GMT" time="113.746" errors="0">
  <testcase name="userRegistrationTest" time="113.746" classname="QA.KiplePay.KiplePayTest"/>
</testsuite> <!-- QA.KiplePay.KiplePayTest -->
